{"C:\\Users\\peter\\Projekte\\practice-coding-interview-orica\\client\\cypress.config.cjs": {"path":"C:\\Users\\peter\\Projekte\\practice-coding-interview-orica\\client\\cypress.config.cjs","all":true,"statementMap":{"0":{"start":{"line":1,"column":0},"end":{"line":1,"column":43}},"1":{"start":{"line":2,"column":0},"end":{"line":2,"column":0}},"2":{"start":{"line":3,"column":0},"end":{"line":3,"column":31}},"3":{"start":{"line":4,"column":0},"end":{"line":4,"column":8}},"4":{"start":{"line":5,"column":0},"end":{"line":5,"column":37}},"5":{"start":{"line":6,"column":0},"end":{"line":6,"column":42}},"6":{"start":{"line":7,"column":0},"end":{"line":7,"column":55}},"7":{"start":{"line":8,"column":0},"end":{"line":8,"column":4}},"8":{"start":{"line":9,"column":0},"end":{"line":9,"column":2}}},"s":{"0":0,"1":0,"2":0,"3":0,"4":0,"5":0,"6":0,"7":0,"8":0},"branchMap":{"0":{"type":"branch","line":1,"loc":{"start":{"line":1,"column":0},"end":{"line":9,"column":2}},"locations":[{"start":{"line":1,"column":0},"end":{"line":9,"column":2}}]}},"b":{"0":[0]},"fnMap":{"0":{"name":"(empty-report)","decl":{"start":{"line":1,"column":0},"end":{"line":9,"column":2}},"loc":{"start":{"line":1,"column":0},"end":{"line":9,"column":2}},"line":1}},"f":{"0":0}}
,"C:\\Users\\peter\\Projekte\\practice-coding-interview-orica\\client\\eslint.config.js": {"path":"C:\\Users\\peter\\Projekte\\practice-coding-interview-orica\\client\\eslint.config.js","all":true,"statementMap":{"0":{"start":{"line":1,"column":0},"end":{"line":1,"column":27}},"1":{"start":{"line":2,"column":0},"end":{"line":2,"column":29}},"2":{"start":{"line":3,"column":0},"end":{"line":3,"column":50}},"3":{"start":{"line":4,"column":0},"end":{"line":4,"column":54}},"4":{"start":{"line":5,"column":0},"end":{"line":5,"column":40}},"6":{"start":{"line":7,"column":0},"end":{"line":7,"column":31}},"7":{"start":{"line":8,"column":0},"end":{"line":8,"column":24}},"8":{"start":{"line":9,"column":0},"end":{"line":9,"column":3}},"9":{"start":{"line":10,"column":0},"end":{"line":10,"column":71}},"10":{"start":{"line":11,"column":0},"end":{"line":11,"column":29}},"11":{"start":{"line":12,"column":0},"end":{"line":12,"column":22}},"12":{"start":{"line":13,"column":0},"end":{"line":13,"column":24}},"13":{"start":{"line":14,"column":0},"end":{"line":14,"column":31}},"14":{"start":{"line":15,"column":0},"end":{"line":15,"column":6}},"15":{"start":{"line":16,"column":0},"end":{"line":16,"column":14}},"16":{"start":{"line":17,"column":0},"end":{"line":17,"column":32}},"17":{"start":{"line":18,"column":0},"end":{"line":18,"column":36}},"18":{"start":{"line":19,"column":0},"end":{"line":19,"column":6}},"19":{"start":{"line":20,"column":0},"end":{"line":20,"column":12}},"20":{"start":{"line":21,"column":0},"end":{"line":21,"column":46}},"21":{"start":{"line":22,"column":0},"end":{"line":22,"column":47}},"22":{"start":{"line":23,"column":0},"end":{"line":23,"column":15}},"23":{"start":{"line":24,"column":0},"end":{"line":24,"column":38}},"24":{"start":{"line":25,"column":0},"end":{"line":25,"column":8}},"25":{"start":{"line":26,"column":0},"end":{"line":26,"column":6}},"26":{"start":{"line":27,"column":0},"end":{"line":27,"column":4}},"27":{"start":{"line":28,"column":0},"end":{"line":28,"column":1}}},"s":{"0":0,"1":0,"2":0,"3":0,"4":0,"6":0,"7":0,"8":0,"9":0,"10":0,"11":0,"12":0,"13":0,"14":0,"15":0,"16":0,"17":0,"18":0,"19":0,"20":0,"21":0,"22":0,"23":0,"24":0,"25":0,"26":0,"27":0},"branchMap":{"0":{"type":"branch","line":1,"loc":{"start":{"line":1,"column":733},"end":{"line":28,"column":1}},"locations":[{"start":{"line":1,"column":733},"end":{"line":28,"column":1}}]}},"b":{"0":[0]},"fnMap":{"0":{"name":"(empty-report)","decl":{"start":{"line":1,"column":733},"end":{"line":28,"column":1}},"loc":{"start":{"line":1,"column":733},"end":{"line":28,"column":1}},"line":1}},"f":{"0":0}}
,"C:\\Users\\peter\\Projekte\\practice-coding-interview-orica\\client\\postcss.config.cjs": {"path":"C:\\Users\\peter\\Projekte\\practice-coding-interview-orica\\client\\postcss.config.cjs","all":true,"statementMap":{"0":{"start":{"line":1,"column":0},"end":{"line":1,"column":18}},"1":{"start":{"line":2,"column":0},"end":{"line":2,"column":12}},"2":{"start":{"line":3,"column":0},"end":{"line":3,"column":20}},"3":{"start":{"line":4,"column":0},"end":{"line":4,"column":21}},"4":{"start":{"line":5,"column":0},"end":{"line":5,"column":4}},"5":{"start":{"line":6,"column":0},"end":{"line":6,"column":1}}},"s":{"0":0,"1":0,"2":0,"3":0,"4":0,"5":0},"branchMap":{"0":{"type":"branch","line":1,"loc":{"start":{"line":1,"column":81},"end":{"line":6,"column":1}},"locations":[{"start":{"line":1,"column":81},"end":{"line":6,"column":1}}]}},"b":{"0":[0]},"fnMap":{"0":{"name":"(empty-report)","decl":{"start":{"line":1,"column":81},"end":{"line":6,"column":1}},"loc":{"start":{"line":1,"column":81},"end":{"line":6,"column":1}},"line":1}},"f":{"0":0}}
,"C:\\Users\\peter\\Projekte\\practice-coding-interview-orica\\client\\tailwind.config.js": {"path":"C:\\Users\\peter\\Projekte\\practice-coding-interview-orica\\client\\tailwind.config.js","all":true,"statementMap":{"0":{"start":{"line":1,"column":0},"end":{"line":1,"column":43}},"1":{"start":{"line":2,"column":0},"end":{"line":2,"column":18}},"2":{"start":{"line":3,"column":0},"end":{"line":3,"column":58}},"3":{"start":{"line":4,"column":0},"end":{"line":4,"column":10}},"4":{"start":{"line":5,"column":0},"end":{"line":5,"column":15}},"5":{"start":{"line":6,"column":0},"end":{"line":6,"column":4}},"6":{"start":{"line":7,"column":0},"end":{"line":7,"column":14}},"7":{"start":{"line":8,"column":0},"end":{"line":8,"column":1}}},"s":{"0":0,"1":0,"2":0,"3":0,"4":0,"5":0,"6":0,"7":0},"branchMap":{"0":{"type":"branch","line":1,"loc":{"start":{"line":1,"column":170},"end":{"line":8,"column":1}},"locations":[{"start":{"line":1,"column":170},"end":{"line":8,"column":1}}]}},"b":{"0":[0]},"fnMap":{"0":{"name":"(empty-report)","decl":{"start":{"line":1,"column":170},"end":{"line":8,"column":1}},"loc":{"start":{"line":1,"column":170},"end":{"line":8,"column":1}},"line":1}},"f":{"0":0}}
,"C:\\Users\\peter\\Projekte\\practice-coding-interview-orica\\client\\vite.config.ts": {"path":"C:\\Users\\peter\\Projekte\\practice-coding-interview-orica\\client\\vite.config.ts","all":true,"statementMap":{"0":{"start":{"line":1,"column":0},"end":{"line":1,"column":35}},"1":{"start":{"line":2,"column":0},"end":{"line":2,"column":40}},"4":{"start":{"line":5,"column":0},"end":{"line":5,"column":29}},"5":{"start":{"line":6,"column":0},"end":{"line":6,"column":21}},"6":{"start":{"line":7,"column":0},"end":{"line":7,"column":9}},"7":{"start":{"line":8,"column":0},"end":{"line":8,"column":18}},"8":{"start":{"line":9,"column":0},"end":{"line":9,"column":25}},"9":{"start":{"line":10,"column":0},"end":{"line":10,"column":40}},"10":{"start":{"line":11,"column":0},"end":{"line":11,"column":15}},"11":{"start":{"line":12,"column":0},"end":{"line":12,"column":21}},"12":{"start":{"line":13,"column":0},"end":{"line":13,"column":41}},"13":{"start":{"line":14,"column":0},"end":{"line":14,"column":16}},"14":{"start":{"line":15,"column":0},"end":{"line":15,"column":24}},"15":{"start":{"line":16,"column":0},"end":{"line":16,"column":28}},"16":{"start":{"line":17,"column":0},"end":{"line":17,"column":8}},"17":{"start":{"line":18,"column":0},"end":{"line":18,"column":6}},"18":{"start":{"line":19,"column":0},"end":{"line":19,"column":4}},"19":{"start":{"line":20,"column":0},"end":{"line":20,"column":2}}},"s":{"0":0,"1":0,"4":0,"5":0,"6":0,"7":0,"8":0,"9":0,"10":0,"11":0,"12":0,"13":0,"14":0,"15":0,"16":0,"17":0,"18":0,"19":0},"branchMap":{"0":{"type":"branch","line":1,"loc":{"start":{"line":1,"column":430},"end":{"line":20,"column":2}},"locations":[{"start":{"line":1,"column":430},"end":{"line":20,"column":2}}]}},"b":{"0":[0]},"fnMap":{"0":{"name":"(empty-report)","decl":{"start":{"line":1,"column":430},"end":{"line":20,"column":2}},"loc":{"start":{"line":1,"column":430},"end":{"line":20,"column":2}},"line":1}},"f":{"0":0}}
,"C:\\Users\\peter\\Projekte\\practice-coding-interview-orica\\client\\cypress\\e2e\\task-management.cy.ts": {"path":"C:\\Users\\peter\\Projekte\\practice-coding-interview-orica\\client\\cypress\\e2e\\task-management.cy.ts","all":true,"statementMap":{"2":{"start":{"line":3,"column":0},"end":{"line":3,"column":35}},"3":{"start":{"line":4,"column":0},"end":{"line":4,"column":20}},"5":{"start":{"line":6,"column":0},"end":{"line":6,"column":37}},"6":{"start":{"line":7,"column":0},"end":{"line":7,"column":4}},"8":{"start":{"line":9,"column":0},"end":{"line":9,"column":47}},"9":{"start":{"line":10,"column":0},"end":{"line":10,"column":66}},"12":{"start":{"line":13,"column":0},"end":{"line":13,"column":63}},"13":{"start":{"line":14,"column":0},"end":{"line":14,"column":44}},"16":{"start":{"line":17,"column":0},"end":{"line":17,"column":46}},"19":{"start":{"line":20,"column":0},"end":{"line":20,"column":25}},"20":{"start":{"line":21,"column":0},"end":{"line":21,"column":15}},"21":{"start":{"line":22,"column":0},"end":{"line":22,"column":21}},"22":{"start":{"line":23,"column":0},"end":{"line":23,"column":14}},"25":{"start":{"line":26,"column":0},"end":{"line":26,"column":45}},"26":{"start":{"line":27,"column":0},"end":{"line":27,"column":4}},"27":{"start":{"line":28,"column":0},"end":{"line":28,"column":2}}},"s":{"2":0,"3":0,"5":0,"6":0,"8":0,"9":0,"12":0,"13":0,"16":0,"19":0,"20":0,"21":0,"22":0,"25":0,"26":0,"27":0},"branchMap":{"0":{"type":"branch","line":1,"loc":{"start":{"line":1,"column":726},"end":{"line":28,"column":2}},"locations":[{"start":{"line":1,"column":726},"end":{"line":28,"column":2}}]}},"b":{"0":[1]},"fnMap":{"0":{"name":"(empty-report)","decl":{"start":{"line":1,"column":726},"end":{"line":28,"column":2}},"loc":{"start":{"line":1,"column":726},"end":{"line":28,"column":2}},"line":1}},"f":{"0":1}}
,"C:\\Users\\peter\\Projekte\\practice-coding-interview-orica\\client\\cypress\\support\\commands.ts": {"path":"C:\\Users\\peter\\Projekte\\practice-coding-interview-orica\\client\\cypress\\support\\commands.ts","all":true,"statementMap":{},"s":{},"branchMap":{"0":{"type":"branch","line":1,"loc":{"start":{"line":1,"column":1314},"end":{"line":37,"column":4}},"locations":[{"start":{"line":1,"column":1314},"end":{"line":37,"column":4}}]}},"b":{"0":[1]},"fnMap":{"0":{"name":"(empty-report)","decl":{"start":{"line":1,"column":1314},"end":{"line":37,"column":4}},"loc":{"start":{"line":1,"column":1314},"end":{"line":37,"column":4}},"line":1}},"f":{"0":1}}
,"C:\\Users\\peter\\Projekte\\practice-coding-interview-orica\\client\\cypress\\support\\e2e.ts": {"path":"C:\\Users\\peter\\Projekte\\practice-coding-interview-orica\\client\\cypress\\support\\e2e.ts","all":true,"statementMap":{"16":{"start":{"line":17,"column":0},"end":{"line":17,"column":19}}},"s":{"16":0},"branchMap":{"0":{"type":"branch","line":1,"loc":{"start":{"line":1,"column":667},"end":{"line":20,"column":24}},"locations":[{"start":{"line":1,"column":667},"end":{"line":20,"column":24}}]}},"b":{"0":[1]},"fnMap":{"0":{"name":"(empty-report)","decl":{"start":{"line":1,"column":667},"end":{"line":20,"column":24}},"loc":{"start":{"line":1,"column":667},"end":{"line":20,"column":24}},"line":1}},"f":{"0":1}}
,"C:\\Users\\peter\\Projekte\\practice-coding-interview-orica\\client\\src\\App.tsx": {"path":"C:\\Users\\peter\\Projekte\\practice-coding-interview-orica\\client\\src\\App.tsx","all":false,"statementMap":{"0":{"start":{"line":1,"column":0},"end":{"line":1,"column":43}},"1":{"start":{"line":2,"column":0},"end":{"line":2,"column":25}},"2":{"start":{"line":3,"column":0},"end":{"line":3,"column":54}},"4":{"start":{"line":5,"column":0},"end":{"line":5,"column":67}},"6":{"start":{"line":7,"column":0},"end":{"line":7,"column":45}},"8":{"start":{"line":9,"column":0},"end":{"line":9,"column":16}},"9":{"start":{"line":10,"column":0},"end":{"line":10,"column":38}},"10":{"start":{"line":11,"column":0},"end":{"line":11,"column":62}},"11":{"start":{"line":12,"column":0},"end":{"line":12,"column":32}},"13":{"start":{"line":14,"column":0},"end":{"line":14,"column":19}},"14":{"start":{"line":15,"column":0},"end":{"line":15,"column":66}},"15":{"start":{"line":16,"column":0},"end":{"line":16,"column":16}},"17":{"start":{"line":18,"column":0},"end":{"line":18,"column":33}},"18":{"start":{"line":19,"column":0},"end":{"line":19,"column":28}},"19":{"start":{"line":20,"column":0},"end":{"line":20,"column":51}},"20":{"start":{"line":21,"column":0},"end":{"line":21,"column":31}},"21":{"start":{"line":22,"column":0},"end":{"line":22,"column":15}},"22":{"start":{"line":23,"column":0},"end":{"line":23,"column":3}},"24":{"start":{"line":25,"column":0},"end":{"line":25,"column":46}},"25":{"start":{"line":26,"column":0},"end":{"line":26,"column":39}},"26":{"start":{"line":27,"column":0},"end":{"line":27,"column":28}},"27":{"start":{"line":28,"column":0},"end":{"line":28,"column":3}},"29":{"start":{"line":30,"column":0},"end":{"line":30,"column":46}},"30":{"start":{"line":31,"column":0},"end":{"line":31,"column":42}},"31":{"start":{"line":32,"column":0},"end":{"line":32,"column":28}},"32":{"start":{"line":33,"column":0},"end":{"line":33,"column":3}},"34":{"start":{"line":35,"column":0},"end":{"line":35,"column":10}},"35":{"start":{"line":36,"column":0},"end":{"line":36,"column":79}},"36":{"start":{"line":37,"column":0},"end":{"line":37,"column":59}},"37":{"start":{"line":38,"column":0},"end":{"line":38,"column":39}},"38":{"start":{"line":39,"column":0},"end":{"line":39,"column":14}},"39":{"start":{"line":40,"column":0},"end":{"line":40,"column":111}},"40":{"start":{"line":41,"column":0},"end":{"line":41,"column":22}},"41":{"start":{"line":42,"column":0},"end":{"line":42,"column":51}},"42":{"start":{"line":43,"column":0},"end":{"line":43,"column":37}},"43":{"start":{"line":44,"column":0},"end":{"line":44,"column":10}},"44":{"start":{"line":45,"column":0},"end":{"line":45,"column":15}},"45":{"start":{"line":46,"column":0},"end":{"line":46,"column":29}},"46":{"start":{"line":47,"column":0},"end":{"line":47,"column":83}},"47":{"start":{"line":48,"column":0},"end":{"line":48,"column":9}},"49":{"start":{"line":50,"column":0},"end":{"line":50,"column":17}},"50":{"start":{"line":51,"column":0},"end":{"line":51,"column":12}},"51":{"start":{"line":52,"column":0},"end":{"line":52,"column":90}},"52":{"start":{"line":53,"column":0},"end":{"line":53,"column":30}},"53":{"start":{"line":54,"column":0},"end":{"line":54,"column":13}},"54":{"start":{"line":55,"column":0},"end":{"line":55,"column":25}},"55":{"start":{"line":56,"column":0},"end":{"line":56,"column":84}},"57":{"start":{"line":58,"column":0},"end":{"line":58,"column":17}},"58":{"start":{"line":59,"column":0},"end":{"line":59,"column":51}},"59":{"start":{"line":60,"column":0},"end":{"line":60,"column":43}},"60":{"start":{"line":61,"column":0},"end":{"line":61,"column":66}},"61":{"start":{"line":62,"column":0},"end":{"line":62,"column":17}},"63":{"start":{"line":64,"column":0},"end":{"line":64,"column":25}},"64":{"start":{"line":65,"column":0},"end":{"line":65,"column":19}},"65":{"start":{"line":66,"column":0},"end":{"line":66,"column":19}},"66":{"start":{"line":67,"column":0},"end":{"line":67,"column":51}},"67":{"start":{"line":68,"column":0},"end":{"line":68,"column":57}},"68":{"start":{"line":69,"column":0},"end":{"line":69,"column":13}},"70":{"start":{"line":71,"column":0},"end":{"line":71,"column":21}},"71":{"start":{"line":72,"column":0},"end":{"line":72,"column":15}},"72":{"start":{"line":73,"column":0},"end":{"line":73,"column":11}},"73":{"start":{"line":74,"column":0},"end":{"line":74,"column":11}},"74":{"start":{"line":75,"column":0},"end":{"line":75,"column":10}},"76":{"start":{"line":77,"column":0},"end":{"line":77,"column":1}},"78":{"start":{"line":79,"column":0},"end":{"line":79,"column":18}}},"s":{"0":1,"1":1,"2":1,"4":1,"6":1,"8":20,"9":20,"10":20,"11":20,"13":20,"14":8,"15":20,"17":20,"18":3,"19":2,"20":1,"21":1,"22":3,"24":20,"25":1,"26":1,"27":1,"29":20,"30":1,"31":1,"32":1,"34":20,"35":20,"36":20,"37":20,"38":20,"39":20,"40":20,"41":20,"42":20,"43":20,"44":20,"45":20,"46":20,"47":20,"49":20,"50":20,"51":20,"52":20,"53":7,"54":7,"55":7,"57":7,"58":7,"59":7,"60":7,"61":7,"63":7,"64":7,"65":7,"66":7,"67":7,"68":7,"70":7,"71":7,"72":20,"73":20,"74":20,"76":20,"78":1},"branchMap":{"0":{"type":"branch","line":9,"loc":{"start":{"line":9,"column":0},"end":{"line":77,"column":1}},"locations":[{"start":{"line":9,"column":0},"end":{"line":77,"column":1}}]},"1":{"type":"branch","line":11,"loc":{"start":{"line":11,"column":28},"end":{"line":11,"column":61}},"locations":[{"start":{"line":11,"column":28},"end":{"line":11,"column":61}}]},"2":{"type":"branch","line":14,"loc":{"start":{"line":14,"column":12},"end":{"line":16,"column":5}},"locations":[{"start":{"line":14,"column":12},"end":{"line":16,"column":5}}]},"3":{"type":"branch","line":15,"loc":{"start":{"line":15,"column":28},"end":{"line":15,"column":65}},"locations":[{"start":{"line":15,"column":28},"end":{"line":15,"column":65}}]},"4":{"type":"branch","line":18,"loc":{"start":{"line":18,"column":20},"end":{"line":23,"column":3}},"locations":[{"start":{"line":18,"column":20},"end":{"line":23,"column":3}}]},"5":{"type":"branch","line":19,"loc":{"start":{"line":19,"column":22},"end":{"line":19,"column":28}},"locations":[{"start":{"line":19,"column":22},"end":{"line":19,"column":28}}]},"6":{"type":"branch","line":19,"loc":{"start":{"line":19,"column":22},"end":{"line":20,"column":51}},"locations":[{"start":{"line":19,"column":22},"end":{"line":20,"column":51}}]},"7":{"type":"branch","line":20,"loc":{"start":{"line":20,"column":50},"end":{"line":22,"column":15}},"locations":[{"start":{"line":20,"column":50},"end":{"line":22,"column":15}}]},"8":{"type":"branch","line":25,"loc":{"start":{"line":25,"column":23},"end":{"line":28,"column":3}},"locations":[{"start":{"line":25,"column":23},"end":{"line":28,"column":3}}]},"9":{"type":"branch","line":30,"loc":{"start":{"line":30,"column":23},"end":{"line":33,"column":3}},"locations":[{"start":{"line":30,"column":23},"end":{"line":33,"column":3}}]},"10":{"type":"branch","line":42,"loc":{"start":{"line":42,"column":20},"end":{"line":42,"column":51}},"locations":[{"start":{"line":42,"column":20},"end":{"line":42,"column":51}}]},"11":{"type":"branch","line":53,"loc":{"start":{"line":53,"column":19},"end":{"line":72,"column":15}},"locations":[{"start":{"line":53,"column":19},"end":{"line":72,"column":15}}]},"12":{"type":"branch","line":61,"loc":{"start":{"line":61,"column":21},"end":{"line":61,"column":64}},"locations":[{"start":{"line":61,"column":21},"end":{"line":61,"column":64}}]},"13":{"type":"branch","line":61,"loc":{"start":{"line":61,"column":33},"end":{"line":61,"column":66}},"locations":[{"start":{"line":61,"column":33},"end":{"line":61,"column":66}}]},"14":{"type":"branch","line":59,"loc":{"start":{"line":59,"column":23},"end":{"line":59,"column":51}},"locations":[{"start":{"line":59,"column":23},"end":{"line":59,"column":51}}]},"15":{"type":"branch","line":67,"loc":{"start":{"line":67,"column":23},"end":{"line":67,"column":51}},"locations":[{"start":{"line":67,"column":23},"end":{"line":67,"column":51}}]}},"b":{"0":[20],"1":[37],"2":[8],"3":[7],"4":[3],"5":[1],"6":[2],"7":[1],"8":[1],"9":[1],"10":[3],"11":[7],"12":[2],"13":[5],"14":[1],"15":[1]},"fnMap":{"0":{"name":"App","decl":{"start":{"line":9,"column":0},"end":{"line":77,"column":1}},"loc":{"start":{"line":9,"column":0},"end":{"line":77,"column":1}},"line":9},"1":{"name":"handleAdd","decl":{"start":{"line":18,"column":20},"end":{"line":23,"column":3}},"loc":{"start":{"line":18,"column":20},"end":{"line":23,"column":3}},"line":18},"2":{"name":"handleToggle","decl":{"start":{"line":25,"column":23},"end":{"line":28,"column":3}},"loc":{"start":{"line":25,"column":23},"end":{"line":28,"column":3}},"line":25},"3":{"name":"handleDelete","decl":{"start":{"line":30,"column":23},"end":{"line":33,"column":3}},"loc":{"start":{"line":30,"column":23},"end":{"line":33,"column":3}},"line":30},"4":{"name":"onChange","decl":{"start":{"line":42,"column":20},"end":{"line":42,"column":51}},"loc":{"start":{"line":42,"column":20},"end":{"line":42,"column":51}},"line":42},"5":{"name":"onClick","decl":{"start":{"line":59,"column":23},"end":{"line":59,"column":51}},"loc":{"start":{"line":59,"column":23},"end":{"line":59,"column":51}},"line":59},"6":{"name":"onClick","decl":{"start":{"line":67,"column":23},"end":{"line":67,"column":51}},"loc":{"start":{"line":67,"column":23},"end":{"line":67,"column":51}},"line":67}},"f":{"0":20,"1":3,"2":1,"3":1,"4":3,"5":1,"6":1}}
,"C:\\Users\\peter\\Projekte\\practice-coding-interview-orica\\client\\src\\main.tsx": {"path":"C:\\Users\\peter\\Projekte\\practice-coding-interview-orica\\client\\src\\main.tsx","all":true,"statementMap":{"0":{"start":{"line":1,"column":0},"end":{"line":1,"column":25}},"1":{"start":{"line":2,"column":0},"end":{"line":2,"column":39}},"2":{"start":{"line":3,"column":0},"end":{"line":3,"column":23}},"3":{"start":{"line":4,"column":0},"end":{"line":4,"column":38}},"4":{"start":{"line":5,"column":0},"end":{"line":5,"column":31}},"5":{"start":{"line":6,"column":0},"end":{"line":6,"column":20}},"7":{"start":{"line":8,"column":0},"end":{"line":8,"column":61}},"8":{"start":{"line":9,"column":0},"end":{"line":9,"column":20}},"9":{"start":{"line":10,"column":0},"end":{"line":10,"column":28}},"10":{"start":{"line":11,"column":0},"end":{"line":11,"column":13}},"11":{"start":{"line":12,"column":0},"end":{"line":12,"column":15}},"12":{"start":{"line":13,"column":0},"end":{"line":13,"column":21}},"13":{"start":{"line":14,"column":0},"end":{"line":14,"column":1}}},"s":{"0":0,"1":0,"2":0,"3":0,"4":0,"5":0,"7":0,"8":0,"9":0,"10":0,"11":0,"12":0,"13":0},"branchMap":{"0":{"type":"branch","line":1,"loc":{"start":{"line":1,"column":301},"end":{"line":14,"column":-258}},"locations":[{"start":{"line":1,"column":301},"end":{"line":14,"column":-258}}]}},"b":{"0":[0]},"fnMap":{"0":{"name":"(empty-report)","decl":{"start":{"line":1,"column":301},"end":{"line":14,"column":-258}},"loc":{"start":{"line":1,"column":301},"end":{"line":14,"column":-258}},"line":1}},"f":{"0":0}}
,"C:\\Users\\peter\\Projekte\\practice-coding-interview-orica\\client\\src\\store.ts": {"path":"C:\\Users\\peter\\Projekte\\practice-coding-interview-orica\\client\\src\\store.ts","all":false,"statementMap":{"0":{"start":{"line":1,"column":0},"end":{"line":1,"column":62}},"9":{"start":{"line":10,"column":0},"end":{"line":10,"column":31}},"11":{"start":{"line":12,"column":0},"end":{"line":12,"column":31}},"12":{"start":{"line":13,"column":0},"end":{"line":13,"column":16}},"13":{"start":{"line":14,"column":0},"end":{"line":14,"column":15}},"14":{"start":{"line":15,"column":0},"end":{"line":15,"column":13}},"15":{"start":{"line":16,"column":0},"end":{"line":16,"column":71}},"16":{"start":{"line":17,"column":0},"end":{"line":17,"column":54}},"17":{"start":{"line":18,"column":0},"end":{"line":18,"column":32}},"18":{"start":{"line":19,"column":0},"end":{"line":19,"column":6}},"19":{"start":{"line":20,"column":0},"end":{"line":20,"column":59}},"20":{"start":{"line":21,"column":0},"end":{"line":21,"column":61}},"21":{"start":{"line":22,"column":0},"end":{"line":22,"column":48}},"22":{"start":{"line":23,"column":0},"end":{"line":23,"column":6}},"23":{"start":{"line":24,"column":0},"end":{"line":24,"column":59}},"24":{"start":{"line":25,"column":0},"end":{"line":25,"column":57}},"25":{"start":{"line":26,"column":0},"end":{"line":26,"column":6}},"26":{"start":{"line":27,"column":0},"end":{"line":27,"column":4}},"27":{"start":{"line":28,"column":0},"end":{"line":28,"column":2}},"29":{"start":{"line":30,"column":0},"end":{"line":30,"column":78}},"31":{"start":{"line":32,"column":0},"end":{"line":32,"column":37}},"32":{"start":{"line":33,"column":0},"end":{"line":33,"column":40}},"33":{"start":{"line":34,"column":0},"end":{"line":34,"column":2}}},"s":{"0":1,"9":1,"11":1,"12":1,"13":1,"14":1,"15":1,"16":1,"17":4,"18":4,"19":1,"20":4,"21":4,"22":4,"23":1,"24":2,"25":2,"26":1,"27":1,"29":1,"31":1,"32":1,"33":1},"branchMap":{"0":{"type":"branch","line":16,"loc":{"start":{"line":16,"column":14},"end":{"line":16,"column":71}},"locations":[{"start":{"line":16,"column":14},"end":{"line":16,"column":71}}]},"1":{"type":"branch","line":17,"loc":{"start":{"line":17,"column":13},"end":{"line":19,"column":6}},"locations":[{"start":{"line":17,"column":13},"end":{"line":19,"column":6}}]},"2":{"type":"branch","line":20,"loc":{"start":{"line":20,"column":16},"end":{"line":23,"column":6}},"locations":[{"start":{"line":20,"column":16},"end":{"line":23,"column":6}}]},"3":{"type":"branch","line":22,"loc":{"start":{"line":22,"column":16},"end":{"line":22,"column":48}},"locations":[{"start":{"line":22,"column":16},"end":{"line":22,"column":48}}]},"4":{"type":"branch","line":21,"loc":{"start":{"line":21,"column":30},"end":{"line":21,"column":60}},"locations":[{"start":{"line":21,"column":30},"end":{"line":21,"column":60}}]},"5":{"type":"branch","line":24,"loc":{"start":{"line":24,"column":16},"end":{"line":26,"column":6}},"locations":[{"start":{"line":24,"column":16},"end":{"line":26,"column":6}}]},"6":{"type":"branch","line":25,"loc":{"start":{"line":25,"column":26},"end":{"line":25,"column":56}},"locations":[{"start":{"line":25,"column":26},"end":{"line":25,"column":56}}]}},"b":{"0":[8],"1":[4],"2":[4],"3":[3],"4":[13],"5":[2],"6":[6]},"fnMap":{"0":{"name":"setTodos","decl":{"start":{"line":16,"column":14},"end":{"line":16,"column":71}},"loc":{"start":{"line":16,"column":14},"end":{"line":16,"column":71}},"line":16},"1":{"name":"addTodo","decl":{"start":{"line":17,"column":13},"end":{"line":19,"column":6}},"loc":{"start":{"line":17,"column":13},"end":{"line":19,"column":6}},"line":17},"2":{"name":"toggleTodo","decl":{"start":{"line":20,"column":16},"end":{"line":23,"column":6}},"loc":{"start":{"line":20,"column":16},"end":{"line":23,"column":6}},"line":20},"3":{"name":"deleteTodo","decl":{"start":{"line":24,"column":16},"end":{"line":26,"column":6}},"loc":{"start":{"line":24,"column":16},"end":{"line":26,"column":6}},"line":24}},"f":{"0":8,"1":4,"2":4,"3":2}}
,"C:\\Users\\peter\\Projekte\\practice-coding-interview-orica\\client\\src\\vite-env.d.ts": {"path":"C:\\Users\\peter\\Projekte\\practice-coding-interview-orica\\client\\src\\vite-env.d.ts","all":true,"statementMap":{},"s":{},"branchMap":{"0":{"type":"branch","line":1,"loc":{"start":{"line":1,"column":37},"end":{"line":1,"column":37}},"locations":[{"start":{"line":1,"column":37},"end":{"line":1,"column":37}}]}},"b":{"0":[1]},"fnMap":{"0":{"name":"(empty-report)","decl":{"start":{"line":1,"column":37},"end":{"line":1,"column":37}},"loc":{"start":{"line":1,"column":37},"end":{"line":1,"column":37}},"line":1}},"f":{"0":1}}
}
